<?xml version="1.0" encoding="UTF-8"?>
<!-- Generated by org.testng.reporters.JUnitReportReporter -->
<testsuite hostname="DESKTOP-JE51H2E" failures="0" tests="2" name="practiceWithJava.ShopNowTest" time="41.423" errors="0" timestamp="2024-03-28T18:38:03 IST" skipped="0">
  <testcase classname="practiceWithJava.ShopNowTest" name="searchAndAddToCart" time="37.357"/>
  <testcase classname="practiceWithJava.ShopNowTest" name="verifyHomePage" time="4.066"/>
</testsuite> <!-- practiceWithJava.ShopNowTest -->
