<?xml version="1.0" encoding="UTF-8"?>
<!-- Generated by org.testng.reporters.JUnitReportReporter -->
<testsuite hostname="DESKTOP-JE51H2E" failures="0" tests="1" name="practiceWithJava.ShopNowTest" time="5.640" errors="0" timestamp="2024-03-28T16:48:32 IST" skipped="0">
  <testcase classname="practiceWithJava.ShopNowTest" name="verifyHomePage" time="5.640"/>
</testsuite> <!-- practiceWithJava.ShopNowTest -->
